[13:23:14.249 Verbose] - BuildManager - C:\Program Files (x86)\Microsoft Visual Studio\2019\Enterprise\MSBuild\Current\Bin\Microsoft.Common.CurrentVersion.targets(2827,5): error MSB3303: Could not resolve COM reference "2df8d04c-5bfa-101b-bde5-00aa0044de52" version 2.8. Could not load file or assembly 'System.Collections.Immutable, Version=5.0.0.0, Culture=neutral, PublicKeyToken=b03f5f7f11d50a3a' or one of its dependencies. The system cannot find the file specified.
[13:23:14.265 Verbose] - BuildManager - C:\Program Files (x86)\Microsoft Visual Studio\2019\Enterprise\MSBuild\Current\Bin\Microsoft.Common.CurrentVersion.targets(2827,5): error MSB3303: Could not resolve COM reference "0002e157-0000-0000-c000-000000000046" version 5.3. Could not load file or assembly 'System.Collections.Immutable, Version=5.0.0.0, Culture=neutral, PublicKeyToken=b03f5f7f11d50a3a' or one of its dependencies. The system cannot find the file specified.
[13:23:14.265 Verbose] - BuildManager - C:\Program Files (x86)\Microsoft Visual Studio\2019\Enterprise\MSBuild\Current\Bin\Microsoft.Common.CurrentVersion.targets(2827,5): error MSB4018: The "ResolveComReference" task failed unexpectedly.
System.IO.FileNotFoundException: Could not load file or assembly 'System.Collections.Immutable, Version=5.0.0.0, Culture=neutral, PublicKeyToken=b03f5f7f11d50a3a' or one of its dependencies. The system cannot find the file specified.
File name: 'System.Collections.Immutable, Version=5.0.0.0, Culture=neutral, PublicKeyToken=b03f5f7f11d50a3a'
   at Microsoft.Build.Collections.CopyOnWriteDictionary`1..ctor(Int32 capacity, IEqualityComparer`1 keyComparer)
   at Microsoft.Build.Utilities.TaskItem.SetMetadata(String metadataName, String metadataValue)
   at Microsoft.Build.Tasks.ResolveComReference.SetCopyLocalToFalseOnGacOrNoPIAAssemblies(List`1 outputTaskItems, String gacPath)
   at Microsoft.Build.Tasks.ResolveComReference.Execute()
   at Microsoft.Build.Framework.ITask.Execute()
   at Microsoft.Build.BackEnd.TaskExecutionHost.Microsoft.Build.BackEnd.ITaskExecutionHost.Execute()
   at Microsoft.Build.BackEnd.TaskBuilder.<ExecuteInstantiatedTask>d__26.MoveNext()


[13:23:14.281 Verbose] - BuildManager - Some of the file paths defined in the csproj under the Live Unit Testing build path are missing. Verify whether these files should be present under the Live Unit Testing build path and if necessary update the csproj definition to look these files up in a different place.
[13:23:14.281 Verbose] - BuildManager - Item AppConfigFileDestination 'C:\Users\HSDP_SYS_DEV\Desktop\WORK\MILS\GSC\.vs\MILS PROTOTYPE\v16\lut\0\b\MILS.exe.config' evaluated via:
AppConfigFileDestination: '$(OutDir)$(TargetFileName).config' @ C:\Program Files (x86)\Microsoft Visual Studio\2019\Enterprise\MSBuild\Current\Bin\Microsoft.Common.CurrentVersion.targets:338
  OutDir: 'C:\Users\HSDP_SYS_DEV\Desktop\WORK\MILS\GSC\.vs\MILS PROTOTYPE\v16\lut\0\b\' @ C:\Users\HSDP_SYS_DEV\Desktop\WORK\MILS\GSC\MILS\MILS.vbproj:0
  TargetFileName: '$(TargetName)$(TargetExt)' @ C:\Program Files (x86)\Microsoft Visual Studio\2019\Enterprise\MSBuild\Current\Bin\Microsoft.Common.CurrentVersion.targets:248
    TargetName: '$(AssemblyName)' @ C:\Program Files (x86)\Microsoft Visual Studio\2019\Enterprise\MSBuild\Current\Bin\Microsoft.Common.CurrentVersion.targets:240
      AssemblyName: 'MILS' @ C:\Users\HSDP_SYS_DEV\Desktop\WORK\MILS\GSC\MILS\MILS.vbproj:11
    TargetExt: '.exe' @ C:\Program Files (x86)\Microsoft Visual Studio\2019\Enterprise\MSBuild\Current\Bin\Microsoft.Common.CurrentVersion.targets:217
[13:23:14.281 Verbose] - BuildManager - Item _DebugSymbolsOutputPath 'C:\Users\HSDP_SYS_DEV\Desktop\WORK\MILS\GSC\.vs\MILS PROTOTYPE\v16\lut\0\b\MILS.pdb' evaluated via:
_DebugSymbolsOutputPath: '@(_DebugSymbolsIntermediatePath->'$(OutDir)%(Filename)%(Extension)')' @ C:\Program Files (x86)\Microsoft Visual Studio\2019\Enterprise\MSBuild\Current\Bin\Microsoft.Common.CurrentVersion.targets:404
  OutDir: 'C:\Users\HSDP_SYS_DEV\Desktop\WORK\MILS\GSC\.vs\MILS PROTOTYPE\v16\lut\0\b\' @ C:\Users\HSDP_SYS_DEV\Desktop\WORK\MILS\GSC\MILS\MILS.vbproj:0
[13:23:14.281 Verbose] - BuildManager - Item _ApplicationManifestFinal 'C:\Users\HSDP_SYS_DEV\Desktop\WORK\MILS\GSC\.vs\MILS PROTOTYPE\v16\lut\0\b\MILS.exe.manifest' evaluated via:
_ApplicationManifestFinal: '$(OutDir)$(_DeploymentTargetApplicationManifestFileName)' @ C:\Program Files (x86)\Microsoft Visual Studio\2019\Enterprise\MSBuild\Current\Bin\Microsoft.Common.CurrentVersion.targets:442
  OutDir: 'C:\Users\HSDP_SYS_DEV\Desktop\WORK\MILS\GSC\.vs\MILS PROTOTYPE\v16\lut\0\b\' @ C:\Users\HSDP_SYS_DEV\Desktop\WORK\MILS\GSC\MILS\MILS.vbproj:0
  _DeploymentTargetApplicationManifestFileName: '$(TargetFileName).manifest' @ C:\Program Files (x86)\Microsoft Visual Studio\2019\Enterprise\MSBuild\Current\Bin\Microsoft.Common.CurrentVersion.targets:266
    TargetFileName: '$(TargetName)$(TargetExt)' @ C:\Program Files (x86)\Microsoft Visual Studio\2019\Enterprise\MSBuild\Current\Bin\Microsoft.Common.CurrentVersion.targets:248
      TargetName: '$(AssemblyName)' @ C:\Program Files (x86)\Microsoft Visual Studio\2019\Enterprise\MSBuild\Current\Bin\Microsoft.Common.CurrentVersion.targets:240
        AssemblyName: 'MILS' @ C:\Users\HSDP_SYS_DEV\Desktop\WORK\MILS\GSC\MILS\MILS.vbproj:11
      TargetExt: '.exe' @ C:\Program Files (x86)\Microsoft Visual Studio\2019\Enterprise\MSBuild\Current\Bin\Microsoft.Common.CurrentVersion.targets:217
